2013-07-01 20:13:49 [INFO] Starting minecraft server version 1.5.2
2013-07-01 20:13:49 [INFO] Loading properties
2013-07-01 20:13:49 [WARNING] server.properties does not exist
2013-07-01 20:13:49 [INFO] Generating new properties file
2013-07-01 20:13:49 [INFO] Default game type: SURVIVAL
2013-07-01 20:13:49 [INFO] Generating keypair
2013-07-01 20:13:49 [INFO] Starting Minecraft server on *:25565
2013-07-01 20:13:49 [WARNING] Failed to load operators list: java.io.FileNotFoundException: .\ops.txt (The system cannot find the file specified)
2013-07-01 20:13:49 [WARNING] Failed to load white-list: java.io.FileNotFoundException: .\white-list.txt (The system cannot find the file specified)
2013-07-01 20:13:49 [INFO] Preparing level "world"
2013-07-01 20:13:50 [INFO] Preparing start region for level 0
2013-07-01 20:13:51 [INFO] Preparing spawn area: 7%
2013-07-01 20:13:52 [INFO] Preparing spawn area: 17%
2013-07-01 20:13:53 [INFO] Preparing spawn area: 25%
2013-07-01 20:13:54 [INFO] Preparing spawn area: 38%
2013-07-01 20:13:55 [INFO] Preparing spawn area: 49%
2013-07-01 20:13:56 [INFO] Preparing spawn area: 62%
2013-07-01 20:13:57 [INFO] Preparing spawn area: 71%
2013-07-01 20:13:58 [INFO] Preparing spawn area: 83%
2013-07-01 20:13:59 [INFO] Preparing spawn area: 95%
2013-07-01 20:13:59 [INFO] Done (9.909s)! For help, type "help" or "?"
2013-07-01 20:15:26 [INFO] Stopping server
2013-07-01 20:15:26 [INFO] Saving players
2013-07-01 20:15:26 [INFO] Closing listening thread
2013-07-01 20:15:26 [INFO] Saving worlds
2013-07-01 20:15:26 [INFO] Saving chunks for level 'world'/Overworld
2013-07-01 20:15:26 [INFO] Saving chunks for level 'world'/Nether
2013-07-01 20:15:26 [INFO] Saving chunks for level 'world'/The End
2013-07-01 20:15:27 [INFO] Stopping server
2013-07-01 20:15:34 [INFO] Starting minecraft server version 1.5.2
2013-07-01 20:15:34 [INFO] Loading properties
2013-07-01 20:15:34 [INFO] Default game type: SURVIVAL
2013-07-01 20:15:34 [INFO] Generating keypair
2013-07-01 20:15:34 [INFO] Starting Minecraft server on *:25565
2013-07-01 20:15:35 [INFO] Preparing level "world"
2013-07-01 20:15:35 [WARNING] Unable to find spawn biome
2013-07-01 20:15:35 [INFO] Preparing start region for level 0
2013-07-01 20:15:36 [INFO] Preparing spawn area: 9%
2013-07-01 20:15:37 [INFO] Preparing spawn area: 26%
2013-07-01 20:15:38 [INFO] Preparing spawn area: 42%
2013-07-01 20:15:39 [INFO] Preparing spawn area: 59%
2013-07-01 20:15:40 [INFO] Preparing spawn area: 73%
2013-07-01 20:15:41 [INFO] Preparing spawn area: 87%
2013-07-01 20:15:42 [INFO] Done (7.639s)! For help, type "help" or "?"
2013-07-01 20:15:55 [INFO] --- Showing help page 1 of 6 (/help <page>) ---
2013-07-01 20:15:55 [INFO] /ban <name> [reason ...]
2013-07-01 20:15:55 [INFO] /ban-ip <address|name> [reason ...]
2013-07-01 20:15:55 [INFO] /banlist [ips|players]
2013-07-01 20:15:55 [INFO] /clear <player> [item] [data]
2013-07-01 20:15:55 [INFO] /debug
2013-07-01 20:15:55 [INFO] /defaultgamemode <mode>
2013-07-01 20:15:55 [INFO] /deop <player>
2013-07-01 20:22:10 [INFO] /192.168.0.21:54292 lost connection
2013-07-01 20:24:11 [INFO] Stopping server
2013-07-01 20:24:11 [INFO] Saving players
2013-07-01 20:24:11 [INFO] Saving worlds
2013-07-01 20:24:11 [INFO] Closing listening thread
2013-07-01 20:24:11 [INFO] Saving chunks for level 'world'/Overworld
2013-07-01 20:24:11 [WARNING] Failed to check session lock, aborting
2013-07-01 20:24:11 [INFO] Saving chunks for level 'world'/Nether
2013-07-01 20:24:11 [INFO] Saving chunks for level 'world'/The End
2013-07-01 20:24:11 [INFO] Stopping server
2013-07-01 20:24:11 [INFO] Saving players
2013-07-01 20:24:11 [INFO] Saving worlds
2013-07-01 20:24:11 [INFO] Saving chunks for level 'world'/Overworld
2013-07-01 20:24:17 [INFO] Starting minecraft server version 1.6.1
2013-07-01 20:24:17 [INFO] Loading properties
2013-07-01 20:24:17 [INFO] Default game type: SURVIVAL
2013-07-01 20:24:17 [INFO] Generating keypair
2013-07-01 20:24:17 [INFO] Starting Minecraft server on *:25565
2013-07-01 20:24:17 [INFO] Preparing level "world"
2013-07-01 20:24:17 [WARNING] Unable to find spawn biome
2013-07-01 20:24:18 [INFO] Preparing start region for level 0
2013-07-01 20:24:19 [INFO] Preparing spawn area: 9%
2013-07-01 20:24:20 [INFO] Preparing spawn area: 22%
2013-07-01 20:24:21 [INFO] Preparing spawn area: 35%
2013-07-01 20:24:22 [INFO] Preparing spawn area: 48%
2013-07-01 20:24:23 [INFO] Preparing spawn area: 62%
2013-07-01 20:24:24 [INFO] Preparing spawn area: 75%
2013-07-01 20:24:25 [INFO] Preparing spawn area: 87%
2013-07-01 20:24:26 [INFO] Preparing spawn area: 98%
2013-07-01 20:24:26 [INFO] Done (8.885s)! For help, type "help" or "?"
2013-07-01 20:28:28 [SEVERE] Reached end of stream for /192.168.0.20
2013-07-01 20:28:36 [INFO] Jemeyr[/192.168.0.20:49411] logged in with entity id 5211 at (21.5, 63.0, -23.5)
2013-07-01 20:28:36 [INFO] Jemeyr joined the game
2013-07-01 20:29:21 [SEVERE] Reached end of stream for /192.168.0.21
2013-07-01 20:29:24 [INFO] Soulack[/192.168.0.21:54359] logged in with entity id 7070 at (35.5, 65.0, -17.5)
2013-07-01 20:29:24 [INFO] Soulack joined the game
2013-07-01 20:30:00 [INFO] Leesifer[/192.168.0.13:52071] logged in with entity id 7687 at (17.5, 63.0, -16.5)
2013-07-01 20:30:00 [INFO] Leesifer joined the game
2013-07-01 20:30:35 [SEVERE] Reached end of stream for /192.168.0.14
2013-07-01 20:31:06 [INFO] MeteorKat[/192.168.0.14:55451] logged in with entity id 10283 at (24.5, 63.0, -18.5)
2013-07-01 20:31:06 [INFO] MeteorKat joined the game
2013-07-01 20:31:13 [INFO] <Jemeyr> linnea?!
2013-07-01 20:31:40 [INFO] Leesifer fell from a high place
2013-07-01 20:32:35 [INFO] Stopping server
2013-07-01 20:32:35 [INFO] Saving players
2013-07-01 20:32:35 [INFO] Closing listening thread
2013-07-01 20:32:35 [INFO] Jemeyr left the game
2013-07-01 20:32:35 [INFO] Soulack left the game
2013-07-01 20:32:35 [INFO] MeteorKat left the game
2013-07-01 20:32:35 [SEVERE] Reached end of stream for /192.168.0.14
2013-07-01 20:32:35 [INFO] Leesifer left the game
2013-07-01 20:32:35 [INFO] Saving worlds
2013-07-01 20:32:35 [INFO] Saving chunks for level 'world'/Overworld
2013-07-01 20:32:35 [SEVERE] Reached end of stream for /192.168.0.21
2013-07-01 20:32:35 [SEVERE] Reached end of stream for /192.168.0.13
2013-07-01 20:32:35 [SEVERE] Reached end of stream for /192.168.0.20
2013-07-01 20:32:35 [INFO] Saving chunks for level 'world'/Nether
2013-07-01 20:32:35 [INFO] Saving chunks for level 'world'/The End
2013-07-01 20:32:37 [INFO] Stopping server
2013-07-01 20:32:37 [INFO] Saving players
2013-07-01 20:32:37 [INFO] Saving worlds
2013-07-01 20:32:37 [INFO] Saving chunks for level 'world'/Overworld
2013-07-01 20:32:37 [INFO] Saving chunks for level 'world'/Nether
2013-07-01 20:32:37 [INFO] Saving chunks for level 'world'/The End
2013-07-01 20:33:09 [INFO] Starting minecraft server version 1.6.1
2013-07-01 20:33:09 [INFO] Loading properties
2013-07-01 20:33:09 [INFO] Default game type: SURVIVAL
2013-07-01 20:33:09 [INFO] Generating keypair
2013-07-01 20:33:09 [INFO] Starting Minecraft server on *:25565
2013-07-01 20:33:09 [INFO] Preparing level "world"
2013-07-01 20:33:10 [INFO] Preparing start region for level 0
2013-07-01 20:33:11 [INFO] Preparing spawn area: 5%
2013-07-01 20:33:12 [INFO] Preparing spawn area: 10%
2013-07-01 20:33:13 [INFO] Preparing spawn area: 20%
2013-07-01 20:33:14 [INFO] Preparing spawn area: 28%
2013-07-01 20:33:15 [INFO] Preparing spawn area: 40%
2013-07-01 20:33:16 [SEVERE] Reached end of stream for /192.168.0.20
2013-07-01 20:33:16 [INFO] Preparing spawn area: 53%
2013-07-01 20:33:17 [INFO] Preparing spawn area: 66%
2013-07-01 20:33:18 [INFO] Preparing spawn area: 79%
2013-07-01 20:33:19 [INFO] Preparing spawn area: 93%
2013-07-01 20:33:20 [INFO] Done (10.223s)! For help, type "help" or "?"
2013-07-01 20:33:20 [INFO] /192.168.0.20:49436 lost connection
2013-07-01 20:33:20 [INFO] /192.168.0.20:49440 lost connection
2013-07-01 20:33:22 [INFO] Jemeyr[/192.168.0.20:49441] logged in with entity id 545 at (-61.5, 68.0, 257.5)
2013-07-01 20:33:22 [INFO] Jemeyr joined the game
2013-07-01 20:33:28 [INFO] <Jemeyr> noo
2013-07-01 20:34:59 [INFO] Leesifer[/192.168.0.13:52081] logged in with entity id 6711 at (-56.5, 68.0, 253.5)
2013-07-01 20:34:59 [INFO] Leesifer joined the game
2013-07-01 20:35:22 [INFO] MeteorKat[/192.168.0.14:55466] logged in with entity id 7999 at (-69.5, 67.0, 248.5)
2013-07-01 20:35:22 [INFO] MeteorKat joined the game
2013-07-01 20:35:47 [INFO] TieDomiFan[/127.0.0.1:50157] logged in with entity id 9138 at (-66.5, 67.0, 251.5)
2013-07-01 20:35:47 [INFO] TieDomiFan joined the game
2013-07-01 20:35:49 [INFO] Soulack[/192.168.0.21:54413] logged in with entity id 9197 at (-54.5, 68.0, 264.5)
2013-07-01 20:35:49 [INFO] Soulack joined the game
2013-07-01 20:37:38 [INFO] <Soulack> which way did you guys go?
2013-07-01 20:38:39 [INFO] <Jemeyr> -130 80
2013-07-01 20:44:15 [INFO] <Jemeyr> the high area near me is lit
2013-07-01 20:44:25 [INFO] <Jemeyr> -182 116
2013-07-01 20:45:09 [WARNING] Can't keep up! Did the system time change, or is the server overloaded?
2013-07-01 20:45:36 [WARNING] Can't keep up! Did the system time change, or is the server overloaded?
2013-07-01 20:45:47 [WARNING] Can't keep up! Did the system time change, or is the server overloaded?
2013-07-01 20:46:11 [WARNING] Can't keep up! Did the system time change, or is the server overloaded?
2013-07-01 20:46:33 [WARNING] Can't keep up! Did the system time change, or is the server overloaded?
2013-07-01 20:47:31 [WARNING] Can't keep up! Did the system time change, or is the server overloaded?
2013-07-01 20:47:53 [WARNING] Can't keep up! Did the system time change, or is the server overloaded?
2013-07-01 20:48:09 [INFO] MeteorKat was slain by Zombie
2013-07-01 20:48:14 [INFO] <Jemeyr> oh no
2013-07-01 20:48:49 [WARNING] Can't keep up! Did the system time change, or is the server overloaded?
2013-07-01 20:49:24 [INFO] Jemeyr was shot by Skeleton
2013-07-01 21:03:06 [INFO] TieDomiFan fell from a high place
2013-07-01 21:07:41 [WARNING] Can't keep up! Did the system time change, or is the server overloaded?
2013-07-01 21:08:13 [WARNING] Can't keep up! Did the system time change, or is the server overloaded?
2013-07-01 21:08:15 [WARNING] Can't keep up! Did the system time change, or is the server overloaded?
2013-07-01 21:08:38 [WARNING] Can't keep up! Did the system time change, or is the server overloaded?
2013-07-01 21:08:53 [WARNING] Can't keep up! Did the system time change, or is the server overloaded?
2013-07-01 21:11:36 [INFO] Jemeyr was doomed to fall by Cave Spider
2013-07-01 21:11:41 [WARNING] Can't keep up! Did the system time change, or is the server overloaded?
2013-07-01 21:14:36 [INFO] Jemeyr was slain by Cave Spider
2013-07-01 21:30:22 [INFO] TieDomiFan fell from a high place
2013-07-01 21:33:21 [INFO] Leesifer lost connection: disconnect.quitting
2013-07-01 21:33:21 [INFO] Leesifer left the game
2013-07-01 21:33:35 [INFO] Leesifer[/192.168.0.13:52107] logged in with entity id 110056 at (-114.18019515315032, 62.0, 73.16262426885277)
2013-07-01 21:33:35 [INFO] Leesifer joined the game
2013-07-01 21:34:53 [INFO] MeteorKat was shot by Skeleton
2013-07-01 21:35:51 [INFO] <Jemeyr> oh, we have a bed at our place, if whereever you are is closer to it than spawn
2013-07-01 21:51:22 [WARNING] TieDomiFan moved wrongly!
2013-07-01 21:56:46 [WARNING] Can't keep up! Did the system time change, or is the server overloaded?
2013-07-01 21:57:17 [INFO] Soulack fell from a high place
2013-07-01 21:57:23 [WARNING] Can't keep up! Did the system time change, or is the server overloaded?
2013-07-01 21:57:45 [INFO] <Jemeyr> wherea re you two?
2013-07-01 21:58:06 [INFO] <Soulack> I'm out in the desert.
2013-07-01 21:58:30 [INFO] <Soulack> my mineshaft was going briliantly till I found the giant lake of lava.
2013-07-01 21:58:36 [INFO] <Jemeyr> nic
2013-07-01 21:58:38 [INFO] <Jemeyr> e
2013-07-01 21:59:04 [WARNING] Can't keep up! Did the system time change, or is the server overloaded?
2013-07-01 21:59:22 [WARNING] Can't keep up! Did the system time change, or is the server overloaded?
2013-07-01 21:59:25 [INFO] Leesifer was slain by Zombie
2013-07-01 21:59:44 [WARNING] Can't keep up! Did the system time change, or is the server overloaded?
2013-07-01 21:59:59 [WARNING] Can't keep up! Did the system time change, or is the server overloaded?
2013-07-01 22:00:18 [WARNING] Can't keep up! Did the system time change, or is the server overloaded?
2013-07-01 22:00:37 [WARNING] Can't keep up! Did the system time change, or is the server overloaded?
2013-07-01 22:00:58 [WARNING] Can't keep up! Did the system time change, or is the server overloaded?
2013-07-01 22:01:20 [WARNING] Can't keep up! Did the system time change, or is the server overloaded?
2013-07-01 22:01:37 [INFO] Leesifer was shot by Skeleton
2013-07-01 22:01:46 [WARNING] Can't keep up! Did the system time change, or is the server overloaded?
2013-07-01 22:01:57 [WARNING] Can't keep up! Did the system time change, or is the server overloaded?
2013-07-01 22:02:11 [WARNING] Can't keep up! Did the system time change, or is the server overloaded?
2013-07-01 22:02:36 [WARNING] Can't keep up! Did the system time change, or is the server overloaded?
2013-07-01 22:02:48 [WARNING] Can't keep up! Did the system time change, or is the server overloaded?
2013-07-01 22:03:04 [WARNING] Can't keep up! Did the system time change, or is the server overloaded?
2013-07-01 22:03:29 [WARNING] Can't keep up! Did the system time change, or is the server overloaded?
2013-07-01 22:03:42 [WARNING] Can't keep up! Did the system time change, or is the server overloaded?
2013-07-01 22:03:57 [WARNING] Can't keep up! Did the system time change, or is the server overloaded?
2013-07-01 22:04:11 [WARNING] Can't keep up! Did the system time change, or is the server overloaded?
2013-07-01 22:04:31 [WARNING] Can't keep up! Did the system time change, or is the server overloaded?
2013-07-01 22:04:48 [WARNING] Can't keep up! Did the system time change, or is the server overloaded?
2013-07-01 22:05:05 [WARNING] Can't keep up! Did the system time change, or is the server overloaded?
2013-07-01 22:05:21 [WARNING] Can't keep up! Did the system time change, or is the server overloaded?
2013-07-01 22:05:46 [WARNING] Can't keep up! Did the system time change, or is the server overloaded?
2013-07-01 22:06:05 [WARNING] Can't keep up! Did the system time change, or is the server overloaded?
2013-07-01 22:06:17 [WARNING] Can't keep up! Did the system time change, or is the server overloaded?
2013-07-01 22:06:42 [WARNING] Can't keep up! Did the system time change, or is the server overloaded?
2013-07-01 22:08:20 [WARNING] Can't keep up! Did the system time change, or is the server overloaded?
2013-07-01 22:13:21 [WARNING] Can't keep up! Did the system time change, or is the server overloaded?
2013-07-01 22:13:38 [WARNING] Can't keep up! Did the system time change, or is the server overloaded?
2013-07-01 22:13:59 [WARNING] Can't keep up! Did the system time change, or is the server overloaded?
2013-07-01 22:14:17 [WARNING] Can't keep up! Did the system time change, or is the server overloaded?
2013-07-01 22:14:35 [WARNING] Can't keep up! Did the system time change, or is the server overloaded?
2013-07-01 22:15:10 [WARNING] Can't keep up! Did the system time change, or is the server overloaded?
2013-07-01 22:15:29 [WARNING] Can't keep up! Did the system time change, or is the server overloaded?
2013-07-01 22:17:12 [WARNING] Can't keep up! Did the system time change, or is the server overloaded?
2013-07-01 22:17:28 [WARNING] Can't keep up! Did the system time change, or is the server overloaded?
2013-07-01 22:17:48 [WARNING] Can't keep up! Did the system time change, or is the server overloaded?
2013-07-01 22:18:03 [WARNING] Can't keep up! Did the system time change, or is the server overloaded?
2013-07-01 22:18:20 [WARNING] Can't keep up! Did the system time change, or is the server overloaded?
2013-07-01 22:18:36 [WARNING] Can't keep up! Did the system time change, or is the server overloaded?
2013-07-01 22:21:18 [SEVERE] Reached end of stream for /192.168.0.14
2013-07-01 22:21:18 [INFO] MeteorKat lost connection: disconnect.endOfStream
2013-07-01 22:21:18 [INFO] MeteorKat left the game
2013-07-01 22:27:58 [WARNING] Can't keep up! Did the system time change, or is the server overloaded?
2013-07-01 22:28:14 [WARNING] Can't keep up! Did the system time change, or is the server overloaded?
2013-07-01 22:28:31 [WARNING] Can't keep up! Did the system time change, or is the server overloaded?
2013-07-01 22:28:48 [WARNING] Can't keep up! Did the system time change, or is the server overloaded?
2013-07-01 22:29:17 [WARNING] Can't keep up! Did the system time change, or is the server overloaded?
2013-07-01 22:29:33 [WARNING] Can't keep up! Did the system time change, or is the server overloaded?
2013-07-01 22:33:12 [INFO] Jemeyr lost connection: disconnect.quitting
2013-07-01 22:33:12 [INFO] Jemeyr left the game
2013-07-01 22:39:10 [INFO] TieDomiFan lost connection: disconnect.quitting
2013-07-01 22:39:10 [INFO] TieDomiFan left the game
2013-07-01 22:39:31 [INFO] Leesifer lost connection: disconnect.quitting
2013-07-01 22:39:31 [INFO] Leesifer left the game
2013-07-01 22:39:36 [INFO] Stopping server
2013-07-01 22:39:36 [INFO] Saving players
2013-07-01 22:39:36 [INFO] Closing listening thread
2013-07-01 22:39:36 [INFO] Soulack left the game
2013-07-01 22:39:36 [SEVERE] Reached end of stream for /192.168.0.21
2013-07-01 22:39:36 [INFO] Saving worlds
2013-07-01 22:39:36 [INFO] Saving chunks for level 'world'/Overworld
2013-07-01 22:39:36 [INFO] Saving chunks for level 'world'/Nether
2013-07-01 22:39:36 [INFO] Saving chunks for level 'world'/The End
2013-07-01 22:39:37 [INFO] Stopping server
2013-07-06 22:54:16 [INFO] Starting minecraft server version 1.6.1
2013-07-06 22:54:16 [INFO] Loading properties
2013-07-06 22:54:16 [INFO] Default game type: SURVIVAL
2013-07-06 22:54:16 [INFO] Generating keypair
2013-07-06 22:54:16 [INFO] Starting Minecraft server on *:25565
2013-07-06 22:54:16 [INFO] Preparing level "world"
2013-07-06 22:54:16 [INFO] Preparing start region for level 0
2013-07-06 22:54:17 [INFO] Preparing spawn area: 53%
2013-07-06 22:54:18 [INFO] Done (1.673s)! For help, type "help" or "?"
2013-07-06 22:54:48 [INFO] Disconnecting TieDomiFan [/127.0.0.1:50146]: Outdated client!
2013-07-06 22:54:48 [SEVERE] Reached end of stream for /127.0.0.1
2013-07-06 22:55:31 [SEVERE] Reached end of stream for /192.168.0.21
2013-07-06 22:55:35 [INFO] Jemeyr[/192.168.0.21:49532] logged in with entity id 303 at (-79.3969019035327, 59.0, -1287.1900345633633)
2013-07-06 22:55:35 [INFO] Jemeyr joined the game
2013-07-06 22:55:50 [SEVERE] Reached end of stream for /192.168.0.20
2013-07-06 22:55:55 [SEVERE] Reached end of stream for /192.168.0.20
2013-07-06 22:55:55 [INFO] Beyamor [/192.168.0.20:50692] lost connection
2013-07-06 22:55:57 [SEVERE] Reached end of stream for /192.168.0.20
2013-07-06 22:56:08 [INFO] Leesifer[/192.168.0.14:54549] logged in with entity id 1183 at (-188.76009685318346, 13.0, 141.3898182461632)
2013-07-06 22:56:08 [INFO] Leesifer joined the game
2013-07-06 22:56:15 [SEVERE] Reached end of stream for /192.168.0.20
2013-07-06 22:56:15 [INFO] Beyamor [/192.168.0.20:50697] lost connection
2013-07-06 22:56:27 [INFO] TieDomiFan[/127.0.0.1:50164] logged in with entity id 2802 at (-165.59521784735014, 84.0, 101.40046914527751)
2013-07-06 22:56:27 [INFO] TieDomiFan joined the game
2013-07-06 22:56:32 [SEVERE] Reached end of stream for /192.168.0.20
2013-07-06 22:56:41 [SEVERE] Reached end of stream for /192.168.0.20
2013-07-06 22:56:41 [INFO] Beyamor [/192.168.0.20:50703] lost connection
2013-07-06 22:56:44 [SEVERE] Reached end of stream for /192.168.0.20
2013-07-06 22:56:44 [INFO] /192.168.0.20:50707 lost connection
2013-07-06 22:56:58 [SEVERE] Reached end of stream for /192.168.0.20
2013-07-06 22:56:58 [INFO] Beyamor [/192.168.0.20:50708] lost connection
2013-07-06 22:57:21 [SEVERE] Reached end of stream for /192.168.0.20
2013-07-06 22:57:21 [INFO] Beyamor [/192.168.0.20:50714] lost connection
2013-07-06 22:58:43 [INFO] Beyamor[/192.168.0.20:51003] logged in with entity id 6431 at (-60.5, 68.0, 264.5)
2013-07-06 22:58:43 [INFO] Beyamor joined the game
2013-07-06 23:06:57 [WARNING] Can't keep up! Did the system time change, or is the server overloaded?
2013-07-06 23:34:47 [WARNING] Can't keep up! Did the system time change, or is the server overloaded?
2013-07-06 23:35:09 [WARNING] Can't keep up! Did the system time change, or is the server overloaded?
2013-07-06 23:35:23 [WARNING] Can't keep up! Did the system time change, or is the server overloaded?
2013-07-06 23:35:38 [WARNING] Can't keep up! Did the system time change, or is the server overloaded?
2013-07-06 23:35:56 [WARNING] Can't keep up! Did the system time change, or is the server overloaded?
2013-07-06 23:36:13 [WARNING] Can't keep up! Did the system time change, or is the server overloaded?
2013-07-06 23:36:35 [WARNING] Can't keep up! Did the system time change, or is the server overloaded?
2013-07-06 23:36:53 [WARNING] Can't keep up! Did the system time change, or is the server overloaded?
2013-07-06 23:37:04 [WARNING] Can't keep up! Did the system time change, or is the server overloaded?
2013-07-06 23:37:30 [WARNING] Can't keep up! Did the system time change, or is the server overloaded?
2013-07-06 23:38:02 [WARNING] Can't keep up! Did the system time change, or is the server overloaded?
2013-07-06 23:38:09 [WARNING] Can't keep up! Did the system time change, or is the server overloaded?
2013-07-06 23:38:25 [WARNING] Jemeyr moved wrongly!
2013-07-06 23:38:28 [WARNING] Jemeyr moved wrongly!
2013-07-06 23:38:30 [WARNING] Can't keep up! Did the system time change, or is the server overloaded?
2013-07-06 23:38:38 [WARNING] Can't keep up! Did the system time change, or is the server overloaded?
2013-07-06 23:38:54 [WARNING] Can't keep up! Did the system time change, or is the server overloaded?
2013-07-06 23:39:18 [WARNING] Can't keep up! Did the system time change, or is the server overloaded?
2013-07-06 23:39:45 [WARNING] Can't keep up! Did the system time change, or is the server overloaded?
2013-07-06 23:39:56 [WARNING] Can't keep up! Did the system time change, or is the server overloaded?
2013-07-06 23:40:21 [WARNING] Can't keep up! Did the system time change, or is the server overloaded?
2013-07-06 23:40:31 [WARNING] Can't keep up! Did the system time change, or is the server overloaded?
2013-07-06 23:40:45 [WARNING] Can't keep up! Did the system time change, or is the server overloaded?
2013-07-06 23:48:24 [INFO] Beyamor was blown up by Creeper
2013-07-06 23:50:21 [WARNING] Can't keep up! Did the system time change, or is the server overloaded?
2013-07-06 23:52:27 [WARNING] Can't keep up! Did the system time change, or is the server overloaded?
2013-07-06 23:52:58 [WARNING] Can't keep up! Did the system time change, or is the server overloaded?
2013-07-06 23:53:21 [WARNING] Can't keep up! Did the system time change, or is the server overloaded?
2013-07-06 23:53:44 [WARNING] Can't keep up! Did the system time change, or is the server overloaded?
2013-07-06 23:54:03 [WARNING] Can't keep up! Did the system time change, or is the server overloaded?
2013-07-06 23:54:17 [WARNING] Can't keep up! Did the system time change, or is the server overloaded?
2013-07-06 23:54:35 [WARNING] Can't keep up! Did the system time change, or is the server overloaded?
2013-07-06 23:54:56 [WARNING] Can't keep up! Did the system time change, or is the server overloaded?
2013-07-06 23:55:15 [WARNING] Can't keep up! Did the system time change, or is the server overloaded?
2013-07-06 23:55:32 [WARNING] Can't keep up! Did the system time change, or is the server overloaded?
2013-07-06 23:55:51 [WARNING] Can't keep up! Did the system time change, or is the server overloaded?
2013-07-06 23:56:06 [WARNING] Can't keep up! Did the system time change, or is the server overloaded?
2013-07-06 23:56:27 [WARNING] Can't keep up! Did the system time change, or is the server overloaded?
2013-07-06 23:56:40 [WARNING] Can't keep up! Did the system time change, or is the server overloaded?
2013-07-06 23:56:59 [WARNING] Can't keep up! Did the system time change, or is the server overloaded?
2013-07-06 23:57:13 [WARNING] Can't keep up! Did the system time change, or is the server overloaded?
2013-07-06 23:59:01 [WARNING] Can't keep up! Did the system time change, or is the server overloaded?
2013-07-06 23:59:17 [WARNING] Can't keep up! Did the system time change, or is the server overloaded?
2013-07-06 23:59:52 [WARNING] Can't keep up! Did the system time change, or is the server overloaded?
2013-07-07 00:00:10 [WARNING] Can't keep up! Did the system time change, or is the server overloaded?
2013-07-07 00:01:15 [WARNING] Can't keep up! Did the system time change, or is the server overloaded?
2013-07-07 00:01:36 [WARNING] Can't keep up! Did the system time change, or is the server overloaded?
2013-07-07 00:01:50 [WARNING] Can't keep up! Did the system time change, or is the server overloaded?
2013-07-07 00:02:07 [WARNING] Can't keep up! Did the system time change, or is the server overloaded?
2013-07-07 00:02:30 [WARNING] Can't keep up! Did the system time change, or is the server overloaded?
2013-07-07 00:02:43 [WARNING] Can't keep up! Did the system time change, or is the server overloaded?
2013-07-07 00:03:02 [WARNING] Can't keep up! Did the system time change, or is the server overloaded?
2013-07-07 00:03:19 [WARNING] Can't keep up! Did the system time change, or is the server overloaded?
2013-07-07 00:03:38 [WARNING] Can't keep up! Did the system time change, or is the server overloaded?
2013-07-07 00:05:02 [WARNING] Can't keep up! Did the system time change, or is the server overloaded?
2013-07-07 00:05:59 [WARNING] Can't keep up! Did the system time change, or is the server overloaded?
2013-07-07 00:06:18 [WARNING] Can't keep up! Did the system time change, or is the server overloaded?
2013-07-07 00:06:58 [WARNING] Can't keep up! Did the system time change, or is the server overloaded?
2013-07-07 00:07:17 [WARNING] Can't keep up! Did the system time change, or is the server overloaded?
2013-07-07 00:07:37 [WARNING] Can't keep up! Did the system time change, or is the server overloaded?
2013-07-07 00:29:37 [INFO] <TieDomiFan> BUNKAI
2013-07-07 00:31:36 [WARNING] Can't keep up! Did the system time change, or is the server overloaded?
2013-07-07 00:35:09 [INFO] Beyamor fell from a high place
2013-07-07 00:52:43 [INFO] Beyamor burned to death
2013-07-07 00:55:58 [INFO] Beyamor burned to death
2013-07-07 01:00:22 [WARNING] Can't keep up! Did the system time change, or is the server overloaded?
2013-07-07 01:05:10 [INFO] Beyamor lost connection: disconnect.quitting
2013-07-07 01:05:10 [INFO] Beyamor left the game
2013-07-07 01:06:05 [INFO] Leesifer lost connection: disconnect.quitting
2013-07-07 01:06:05 [INFO] Leesifer left the game
2013-07-07 01:07:36 [INFO] TieDomiFan lost connection: disconnect.quitting
2013-07-07 01:07:36 [INFO] TieDomiFan left the game
2013-07-07 01:11:29 [INFO] Jemeyr lost connection: disconnect.quitting
2013-07-07 01:11:29 [INFO] Jemeyr left the game
2013-07-07 01:11:34 [INFO] Stopping server
2013-07-07 01:11:34 [INFO] Saving players
2013-07-07 01:11:34 [INFO] Saving worlds
2013-07-07 01:11:34 [INFO] Closing listening thread
2013-07-07 01:11:34 [INFO] Saving chunks for level 'world'/Overworld
2013-07-07 01:11:34 [INFO] Saving chunks for level 'world'/Nether
2013-07-07 01:11:34 [INFO] Saving chunks for level 'world'/The End
2013-07-20 21:06:06 [INFO] Starting minecraft server version 1.6.1
2013-07-20 21:06:06 [INFO] Loading properties
2013-07-20 21:06:06 [INFO] Default game type: SURVIVAL
2013-07-20 21:06:06 [INFO] Generating keypair
2013-07-20 21:06:07 [INFO] Starting Minecraft server on *:25565
2013-07-20 21:06:07 [INFO] Preparing level "world"
2013-07-20 21:06:08 [INFO] Preparing start region for level 0
2013-07-20 21:06:09 [INFO] Preparing spawn area: 7%
2013-07-20 21:06:10 [INFO] Preparing spawn area: 18%
2013-07-20 21:06:11 [INFO] Preparing spawn area: 31%
2013-07-20 21:06:12 [INFO] Preparing spawn area: 47%
2013-07-20 21:06:13 [INFO] Preparing spawn area: 61%
2013-07-20 21:06:14 [INFO] Preparing spawn area: 72%
2013-07-20 21:06:15 [INFO] Preparing spawn area: 84%
2013-07-20 21:06:16 [INFO] Preparing spawn area: 95%
2013-07-20 21:06:16 [INFO] Done (9.050s)! For help, type "help" or "?"
2013-07-20 21:14:19 [INFO] Disconnecting Beyamor [/192.168.0.24:45104]: Outdated server!
2013-07-20 21:14:19 [SEVERE] Reached end of stream for /192.168.0.24
2013-07-20 21:14:42 [INFO] Disconnecting Beyamor [/192.168.0.24:45105]: Outdated server!
2013-07-20 21:14:42 [SEVERE] Reached end of stream for /192.168.0.24
2013-07-20 21:14:45 [SEVERE] Reached end of stream for /192.168.0.20
2013-07-20 21:17:13 [INFO] Stopping server
2013-07-20 21:17:13 [INFO] Closing listening thread
2013-07-20 21:17:13 [INFO] Saving players
2013-07-20 21:17:13 [INFO] Saving worlds
2013-07-20 21:17:13 [INFO] Saving chunks for level 'world'/Overworld
2013-07-20 21:17:13 [INFO] Saving chunks for level 'world'/Nether
2013-07-20 21:17:13 [INFO] Saving chunks for level 'world'/The End
2013-07-20 21:17:13 [INFO] Stopping server
2013-07-20 21:18:14 [INFO] Starting minecraft server version 1.6.2
2013-07-20 21:18:14 [INFO] Loading properties
2013-07-20 21:18:14 [INFO] Default game type: SURVIVAL
2013-07-20 21:18:14 [INFO] Generating keypair
2013-07-20 21:18:14 [INFO] Starting Minecraft server on *:25565
2013-07-20 21:18:14 [INFO] Preparing level "world"
2013-07-20 21:18:15 [INFO] Preparing start region for level 0
2013-07-20 21:18:16 [INFO] Preparing spawn area: 7%
2013-07-20 21:18:17 [INFO] Preparing spawn area: 19%
2013-07-20 21:18:18 [INFO] Preparing spawn area: 33%
2013-07-20 21:18:19 [INFO] Preparing spawn area: 50%
2013-07-20 21:18:20 [INFO] Preparing spawn area: 61%
2013-07-20 21:18:21 [INFO] Preparing spawn area: 72%
2013-07-20 21:18:22 [INFO] Preparing spawn area: 84%
2013-07-20 21:18:23 [INFO] Preparing spawn area: 94%
2013-07-20 21:18:24 [INFO] Done (9.423s)! For help, type "help" or "?"
2013-07-20 21:20:09 [INFO] Beyamor[/192.168.0.24:45391] logged in with entity id 7225 at (126.5, 65.0, 278.5)
2013-07-20 21:20:09 [INFO] Beyamor joined the game
2013-07-20 21:20:11 [SEVERE] Reached end of stream for /192.168.0.20
2013-07-20 21:20:14 [INFO] Soulack[/192.168.0.20:62661] logged in with entity id 8336 at (132.5, 64.0, 274.5)
2013-07-20 21:20:14 [INFO] Soulack joined the game
2013-07-20 21:22:30 [SEVERE] Reached end of stream for /192.168.0.22
2013-07-20 21:22:35 [INFO] Jemeyr[/192.168.0.22:49551] logged in with entity id 10477 at (139.5, 64.0, 267.5)
2013-07-20 21:22:35 [INFO] Jemeyr joined the game
2013-07-20 21:30:04 [INFO] TieDomiFan[/127.0.0.1:49825] logged in with entity id 20616 at (125.5, 65.0, 270.5)
2013-07-20 21:30:04 [INFO] TieDomiFan joined the game
2013-07-20 21:34:17 [INFO] Jemeyr was slain by Beyamor
2013-07-20 21:40:26 [SEVERE] Reached end of stream for /192.168.0.21
2013-07-20 21:40:29 [INFO] tb303[/192.168.0.21:49387] logged in with entity id 31002 at (137.5, 64.0, 279.5)
2013-07-20 21:40:29 [INFO] tb303 joined the game
2013-07-20 21:49:52 [INFO] Leesifer[/192.168.0.18:49450] logged in with entity id 45664 at (126.5, 65.0, 274.5)
2013-07-20 21:49:52 [INFO] Leesifer joined the game
2013-07-20 21:49:58 [INFO] <tb303> SUP
2013-07-20 21:50:03 [INFO] <Jemeyr> YO YO YO
2013-07-20 21:50:04 [INFO] <tb303> I AM BERT
2013-07-20 21:50:07 [INFO] <tb303> THE GREAT
2013-07-20 21:50:10 [INFO] <TieDomiFan> BUNKAI
2013-07-20 21:50:17 [INFO] <tb303> i like girls and playing the lute
2013-07-20 21:54:44 [INFO] Jemeyr was slain by Zombie
2013-07-20 22:11:31 [INFO] Leesifer was slain by Spider
2013-07-20 22:14:17 [INFO] Leesifer was doomed to fall by Spider
2013-07-20 22:15:36 [INFO] TieDomiFan was slain by Spider
2013-07-20 22:19:19 [INFO] TieDomiFan hit the ground too hard
2013-07-20 22:19:26 [INFO] Jemeyr fell from a high place
2013-07-20 22:33:49 [INFO] <tb303> me
2013-07-20 22:35:43 [INFO] Leesifer fell from a high place
2013-07-20 22:49:43 [INFO] Jemeyr was doomed to fall
2013-07-20 22:52:16 [WARNING] Can't keep up! Did the system time change, or is the server overloaded?
2013-07-20 22:52:29 [INFO] TieDomiFan was shot by Skeleton
2013-07-20 22:52:35 [WARNING] Can't keep up! Did the system time change, or is the server overloaded?
2013-07-20 22:52:49 [WARNING] Can't keep up! Did the system time change, or is the server overloaded?
2013-07-20 22:55:32 [INFO] Beyamor was shot by Skeleton
2013-07-20 22:58:36 [INFO] Beyamor was blown up by Creeper
2013-07-20 23:04:44 [INFO] Leesifer fell from a high place
2013-07-20 23:12:52 [WARNING] Can't keep up! Did the system time change, or is the server overloaded?
2013-07-20 23:14:56 [WARNING] Can't keep up! Did the system time change, or is the server overloaded?
2013-07-20 23:15:30 [INFO] TieDomiFan fell from a high place
2013-07-20 23:15:31 [INFO] Soulack lost connection: disconnect.quitting
2013-07-20 23:15:31 [INFO] Soulack left the game
2013-07-20 23:17:31 [INFO] TieDomiFan fell from a high place
2013-07-20 23:27:59 [INFO] Leesifer fell from a high place
2013-07-20 23:39:00 [INFO] Leesifer fell from a high place
2013-07-20 23:40:21 [INFO] TieDomiFan fell from a high place
2013-07-20 23:55:03 [INFO] Jemeyr was slain by Zombie
2013-07-21 00:13:02 [INFO] TieDomiFan was shot by Skeleton
2013-07-21 00:34:53 [WARNING] Can't keep up! Did the system time change, or is the server overloaded?
2013-07-21 00:35:12 [WARNING] Can't keep up! Did the system time change, or is the server overloaded?
2013-07-21 00:35:21 [WARNING] Can't keep up! Did the system time change, or is the server overloaded?
2013-07-21 00:38:37 [INFO] Beyamor tried to swim in lava to escape Ghast
2013-07-21 00:38:48 [INFO] Beyamor lost connection: disconnect.quitting
2013-07-21 00:38:48 [INFO] Beyamor left the game
2013-07-21 01:06:56 [INFO] tb303 fell from a high place
2013-07-21 01:19:34 [INFO] tb303 fell from a high place
2013-07-21 01:22:59 [INFO] TieDomiFan fell from a high place
2013-07-21 01:24:22 [INFO] Jemeyr was burnt to a crisp whilst fighting Blaze
2013-07-21 01:33:39 [SEVERE] Reached end of stream for /192.168.0.21
2013-07-21 01:33:39 [INFO] tb303 lost connection: disconnect.endOfStream
2013-07-21 01:33:39 [INFO] tb303 left the game
2013-07-21 01:42:49 [INFO] TieDomiFan hit the ground too hard
2013-07-21 01:46:12 [INFO] TieDomiFan was blown up by Creeper
2013-07-21 01:48:48 [INFO] TieDomiFan lost connection: disconnect.quitting
2013-07-21 01:48:48 [INFO] TieDomiFan left the game
2013-07-21 01:50:07 [INFO] --- Showing help page 1 of 6 (/help <page>) ---
2013-07-21 01:50:07 [INFO] /ban <name> [reason ...]
2013-07-21 01:50:07 [INFO] /ban-ip <address|name> [reason ...]
2013-07-21 01:50:07 [INFO] /banlist [ips|players]
2013-07-21 01:50:07 [INFO] /clear <player> [item] [data]
2013-07-21 01:50:07 [INFO] /debug <start|stop>
2013-07-21 01:50:07 [INFO] /defaultgamemode <mode>
2013-07-21 01:50:07 [INFO] /deop <player>
2013-07-21 01:50:22 [INFO] --- Showing help page 2 of 6 (/help <page>) ---
2013-07-21 01:50:22 [INFO] /difficulty <new difficulty>
2013-07-21 01:50:22 [INFO] /effect <player> <effect> [seconds] [amplifier]
2013-07-21 01:50:22 [INFO] /enchant <player> <enchantment ID> [level]
2013-07-21 01:50:22 [INFO] /gamemode <mode> [player]
2013-07-21 01:50:22 [INFO] /gamerule <rule name> <value> OR /gamerule <rule name>
2013-07-21 01:50:22 [INFO] /give <player> <item> [amount] [data]
2013-07-21 01:50:22 [INFO] /help [page|command name]
2013-07-21 01:50:29 [INFO] --- Showing help page 3 of 6 (/help <page>) ---
2013-07-21 01:50:29 [INFO] /kick <player> [reason ...]
2013-07-21 01:50:29 [INFO] /kill
2013-07-21 01:50:29 [INFO] /list
2013-07-21 01:50:29 [INFO] /me <action ...>
2013-07-21 01:50:29 [INFO] /op <player>
2013-07-21 01:50:29 [INFO] /pardon <name>
2013-07-21 01:50:29 [INFO] /pardon-ip <address>
2013-07-21 01:50:32 [INFO] There are 2/20 players online:
2013-07-21 01:50:32 [INFO] Leesifer, Jemeyr
2013-07-21 01:50:39 [INFO] --- Showing help page 4 of 6 (/help <page>) ---
2013-07-21 01:50:39 [INFO] /playsound <sound> <player> [x] [y] [z] [volume] [pitch] [minimumVolume]
2013-07-21 01:50:39 [INFO] /save-all
2013-07-21 01:50:39 [INFO] /save-off
2013-07-21 01:50:39 [INFO] /save-on
2013-07-21 01:50:39 [INFO] /say <message ...>
2013-07-21 01:50:39 [INFO] /scoreboard <objectives|players|teams>
2013-07-21 01:50:39 [INFO] /seed
2013-07-21 01:50:47 [INFO] [Server] 12 bunkais
2013-07-21 01:50:57 [INFO] Usage: /scoreboard <objectives|players|teams>
2013-07-21 01:51:00 [INFO] Usage: /scoreboard <objectives|players|teams>
2013-07-21 01:51:08 [INFO] Usage: /scoreboard <objectives|players|teams>
2013-07-21 01:51:13 [INFO] --- Showing help page 5 of 6 (/help <page>) ---
2013-07-21 01:51:13 [INFO] /spawnpoint OR /spawnpoint <player> OR /spawnpoint <player> <x> <y> <z>
2013-07-21 01:51:13 [INFO] /spreadplayers <x> <z> <spreadDistance> <maxRange> <respectTeams true|false> <player ...>
2013-07-21 01:51:13 [INFO] /stop
2013-07-21 01:51:13 [INFO] /tell <player> <private message ...>
2013-07-21 01:51:13 [INFO] /testfor <player>
2013-07-21 01:51:13 [INFO] /time <set|add> <value>
2013-07-21 01:51:13 [INFO] /toggledownfall
2013-07-21 01:51:23 [INFO] You whisper to Jemeyr: 12 bunkais
2013-07-21 01:51:39 [INFO] '00:00' is not a valid number
2013-07-21 01:51:47 [INFO] Set the time to 0
2013-07-21 01:51:53 [INFO] Jemeyr lost connection: disconnect.quitting
2013-07-21 01:51:53 [INFO] Jemeyr left the game
2013-07-21 01:52:00 [INFO] Set the time to 1200
2013-07-21 01:52:11 [INFO] Set the time to 1800
2013-07-21 01:52:18 [INFO] --- Showing help page 6 of 6 (/help <page>) ---
2013-07-21 01:52:18 [INFO] /tp [target player] <destination player> OR /tp [target player] <x> <y> <z>
2013-07-21 01:52:18 [INFO] /weather <clear/rain/thunder> [duration in seconds]
2013-07-21 01:52:18 [INFO] /whitelist <on|off|list|add|remove|reload>
2013-07-21 01:52:18 [INFO] /xp <amount> [player] OR /xp <amount>L [player]
2013-07-21 01:52:51 [INFO] Given 1 experience to Leesifer
2013-07-21 01:53:01 [INFO] Changing to rain and thunder
2013-07-21 01:53:08 [INFO] --- Showing help page 4 of 6 (/help <page>) ---
2013-07-21 01:53:08 [INFO] /playsound <sound> <player> [x] [y] [z] [volume] [pitch] [minimumVolume]
2013-07-21 01:53:08 [INFO] /save-all
2013-07-21 01:53:08 [INFO] /save-off
2013-07-21 01:53:08 [INFO] /save-on
2013-07-21 01:53:08 [INFO] /say <message ...>
2013-07-21 01:53:08 [INFO] /scoreboard <objectives|players|teams>
2013-07-21 01:53:08 [INFO] /seed
2013-07-21 01:53:20 [INFO] Played sound '1' to Leesifer
2013-07-21 01:53:28 [INFO] --- Showing help page 3 of 6 (/help <page>) ---
2013-07-21 01:53:28 [INFO] /kick <player> [reason ...]
2013-07-21 01:53:28 [INFO] /kill
2013-07-21 01:53:28 [INFO] /list
2013-07-21 01:53:28 [INFO] /me <action ...>
2013-07-21 01:53:28 [INFO] /op <player>
2013-07-21 01:53:28 [INFO] /pardon <name>
2013-07-21 01:53:28 [INFO] /pardon-ip <address>
2013-07-21 01:54:04 [INFO] Leesifer left the game
2013-07-21 01:54:04 [INFO] Kicked Leesifer from the game: 'Time to bunkai you off of the server. BUNKAI SENBONZAKURA KAGEYOSHI'
2013-07-21 01:54:04 [SEVERE] Reached end of stream for /192.168.0.18
2013-07-21 01:54:04 [INFO] Leesifer lost connection: disconnect.endOfStream
2013-07-21 01:54:04 [INFO] Leesifer left the game
2013-07-21 01:54:13 [INFO] Saving...
2013-07-21 01:54:13 [INFO] Saved the world
2013-07-21 01:54:15 [INFO] Stopping server
2013-07-21 01:54:15 [INFO] Saving players
2013-07-21 01:54:15 [INFO] Saving worlds
2013-07-21 01:54:15 [INFO] Saving chunks for level 'world'/Overworld
2013-07-21 01:54:15 [INFO] Closing listening thread
2013-07-21 01:54:15 [INFO] Saving chunks for level 'world'/Nether
2013-07-21 01:54:15 [INFO] Saving chunks for level 'world'/The End
2013-07-21 01:54:15 [INFO] Stopping server
2013-07-21 01:54:15 [INFO] Saving players
2013-07-21 01:54:15 [INFO] Saving worlds
2013-07-21 01:54:15 [INFO] Saving chunks for level 'world'/Overworld
2013-07-21 16:14:31 [INFO] Starting minecraft server version 1.6.2
2013-07-21 16:14:31 [INFO] Loading properties
2013-07-21 16:14:31 [INFO] Default game type: SURVIVAL
2013-07-21 16:14:31 [INFO] Generating keypair
2013-07-21 16:14:32 [INFO] Starting Minecraft server on *:25565
2013-07-21 16:14:33 [INFO] Preparing level "world"
2013-07-21 16:14:33 [INFO] Preparing start region for level 0
2013-07-21 16:14:34 [INFO] Preparing spawn area: 23%
2013-07-21 16:14:35 [INFO] Preparing spawn area: 44%
2013-07-21 16:14:36 [INFO] Preparing spawn area: 69%
2013-07-21 16:14:37 [INFO] Done (4.716s)! For help, type "help" or "?"
2013-07-21 16:14:40 [INFO] --- Showing help page 1 of 6 (/help <page>) ---
2013-07-21 16:14:40 [INFO] /ban <name> [reason ...]
2013-07-21 16:14:40 [INFO] /ban-ip <address|name> [reason ...]
2013-07-21 16:14:40 [INFO] /banlist [ips|players]
2013-07-21 16:14:40 [INFO] /clear <player> [item] [data]
2013-07-21 16:14:40 [INFO] /debug <start|stop>
2013-07-21 16:14:40 [INFO] /defaultgamemode <mode>
2013-07-21 16:14:40 [INFO] /deop <player>
2013-07-21 16:18:25 [INFO] TieDomiFan[/127.0.0.1:49465] logged in with entity id 245 at (113.58397228540836, 89.0, 455.15068131777997)
2013-07-21 16:18:25 [INFO] TieDomiFan joined the game
2013-07-21 16:18:29 [WARNING] Can't keep up! Did the system time change, or is the server overloaded?
2013-07-21 16:20:27 [INFO] Beyamor[/192.168.0.24:50983] logged in with entity id 1739 at (-78.30000001192093, 30.00782785884291, 79.30000001192093)
2013-07-21 16:20:27 [INFO] Beyamor joined the game
2013-07-21 16:20:30 [WARNING] Can't keep up! Did the system time change, or is the server overloaded?
2013-07-21 16:22:16 [SEVERE] Reached end of stream for /192.168.0.22
2013-07-21 16:22:19 [INFO] Jemeyr[/192.168.0.22:49217] logged in with entity id 3458 at (153.40171236314671, 79.0, 444.82589418891973)
2013-07-21 16:22:19 [INFO] Jemeyr joined the game
2013-07-21 16:42:12 [INFO] TieDomiFan was slain by Enderman
2013-07-21 17:04:31 [SEVERE] Reached end of stream for /184.66.41.40
2013-07-21 17:04:41 [INFO] Soulack[/184.66.41.40:49934] logged in with entity id 61695 at (134.41019037789982, 60.0, 300.3940679489634)
2013-07-21 17:04:41 [INFO] Soulack joined the game
2013-07-21 17:04:46 [INFO] <Jemeyr> yo yo yo
2013-07-21 17:04:56 [INFO] <Soulack> never mind it is a legal ip
2013-07-21 17:05:17 [INFO] <Soulack> who all is on?
2013-07-21 17:05:22 [INFO] <Jemeyr> me, ryan, tom
2013-07-21 17:05:25 [INFO] <Jemeyr> you
2013-07-21 17:28:00 [WARNING] Can't keep up! Did the system time change, or is the server overloaded?
2013-07-21 17:28:16 [WARNING] Can't keep up! Did the system time change, or is the server overloaded?
2013-07-21 17:28:40 [WARNING] Can't keep up! Did the system time change, or is the server overloaded?
2013-07-21 18:19:46 [INFO] <Soulack> off by one errors in construction suck
2013-07-21 18:20:03 [INFO] <TieDomiFan> off by one errors suck everywhere
2013-07-21 18:44:03 [INFO] <Beyamor> ./pizza.pl
2013-07-21 19:07:08 [INFO] <Jemeyr> Michael, what are the colors of your house?
2013-07-21 19:10:01 [WARNING] Can't keep up! Did the system time change, or is the server overloaded?
2013-07-21 19:20:34 [INFO] <Soulack> yellow, and the pyramid in progress is under my house.
2013-07-21 19:20:45 [INFO] <Jemeyr> did you put a sign on it?
2013-07-21 19:28:19 [WARNING] Jemeyr moved wrongly!
2013-07-21 19:29:10 [WARNING] Can't keep up! Did the system time change, or is the server overloaded?
2013-07-21 19:30:42 [WARNING] Can't keep up! Did the system time change, or is the server overloaded?
2013-07-21 19:33:24 [INFO] TieDomiFan lost connection: disconnect.quitting
2013-07-21 19:33:24 [INFO] TieDomiFan left the game
2013-07-21 19:33:39 [INFO] <Soulack> no I thought the fact that I was building it was clear enough
2013-07-21 19:33:43 [INFO] <Jemeyr> ehh
2013-07-21 19:34:00 [INFO] <Soulack> what's is this dirt pillar about?
2013-07-21 19:34:02 [INFO] --- Showing help page 4 of 6 (/help <page>) ---
2013-07-21 19:34:02 [INFO] /playsound <sound> <player> [x] [y] [z] [volume] [pitch] [minimumVolume]
2013-07-21 19:34:02 [INFO] /save-all
2013-07-21 19:34:02 [INFO] /save-off
2013-07-21 19:34:02 [INFO] /save-on
2013-07-21 19:34:02 [INFO] /say <message ...>
2013-07-21 19:34:02 [INFO] /scoreboard <objectives|players|teams>
2013-07-21 19:34:02 [INFO] /seed
2013-07-21 19:34:06 [INFO] <Jemeyr> which one?
2013-07-21 19:34:08 [INFO] --- Showing help page 3 of 6 (/help <page>) ---
2013-07-21 19:34:08 [INFO] /kick <player> [reason ...]
2013-07-21 19:34:08 [INFO] /kill
2013-07-21 19:34:08 [INFO] /list
2013-07-21 19:34:08 [INFO] /me <action ...>
2013-07-21 19:34:08 [INFO] /op <player>
2013-07-21 19:34:08 [INFO] /pardon <name>
2013-07-21 19:34:08 [INFO] /pardon-ip <address>
2013-07-21 19:34:10 [INFO] There are 3/20 players online:
2013-07-21 19:34:10 [INFO] Beyamor, Jemeyr, Soulack
2013-07-21 19:34:19 [INFO] <Soulack> the one buy the spawn point?
2013-07-21 19:34:23 [INFO] --- Showing help page 4 of 6 (/help <page>) ---
2013-07-21 19:34:23 [INFO] /playsound <sound> <player> [x] [y] [z] [volume] [pitch] [minimumVolume]
2013-07-21 19:34:23 [INFO] /save-all
2013-07-21 19:34:23 [INFO] /save-off
2013-07-21 19:34:23 [INFO] /save-on
2013-07-21 19:34:23 [INFO] /say <message ...>
2013-07-21 19:34:23 [INFO] /scoreboard <objectives|players|teams>
2013-07-21 19:34:23 [INFO] /seed
2013-07-21 19:34:25 [INFO] --- Showing help page 5 of 6 (/help <page>) ---
2013-07-21 19:34:25 [INFO] /spawnpoint OR /spawnpoint <player> OR /spawnpoint <player> <x> <y> <z>
2013-07-21 19:34:25 [INFO] /spreadplayers <x> <z> <spreadDistance> <maxRange> <respectTeams true|false> <player ...>
2013-07-21 19:34:25 [INFO] /stop
2013-07-21 19:34:25 [INFO] /tell <player> <private message ...>
2013-07-21 19:34:25 [INFO] /testfor <player>
2013-07-21 19:34:25 [INFO] /time <set|add> <value>
2013-07-21 19:34:25 [INFO] /toggledownfall
2013-07-21 19:34:28 [INFO] --- Showing help page 6 of 6 (/help <page>) ---
2013-07-21 19:34:28 [INFO] /tp [target player] <destination player> OR /tp [target player] <x> <y> <z>
2013-07-21 19:34:28 [INFO] /weather <clear/rain/thunder> [duration in seconds]
2013-07-21 19:34:28 [INFO] /whitelist <on|off|list|add|remove|reload>
2013-07-21 19:34:28 [INFO] /xp <amount> [player] OR /xp <amount>L [player]
2013-07-21 19:34:35 [INFO] Given 1 experience to Soulack
2013-07-21 19:34:39 [INFO] Given 1 experience to Jemeyr
2013-07-21 19:34:47 [INFO] Given 1 experience to Beyamor
2013-07-21 19:35:47 [INFO] Usage: Cannot give player negative experience points
2013-07-21 19:36:17 [INFO] --- Showing help page 2 of 6 (/help <page>) ---
2013-07-21 19:36:17 [INFO] /difficulty <new difficulty>
2013-07-21 19:36:17 [INFO] /effect <player> <effect> [seconds] [amplifier]
2013-07-21 19:36:17 [INFO] /enchant <player> <enchantment ID> [level]
2013-07-21 19:36:17 [INFO] /gamemode <mode> [player]
2013-07-21 19:36:17 [INFO] /gamerule <rule name> <value> OR /gamerule <rule name>
2013-07-21 19:36:17 [INFO] /give <player> <item> [amount] [data]
2013-07-21 19:36:17 [INFO] /help [page|command name]
2013-07-21 19:36:34 [INFO] Usage: /effect <player> <effect> [seconds] [amplifier]
2013-07-21 19:37:04 [INFO] <Soulack> it's by some woods and a pond.
2013-07-21 19:37:10 [INFO] Changing to rainy weather
2013-07-21 19:37:28 [INFO] --- Showing help page 3 of 6 (/help <page>) ---
2013-07-21 19:37:28 [INFO] /kick <player> [reason ...]
2013-07-21 19:37:28 [INFO] /kill
2013-07-21 19:37:28 [INFO] /list
2013-07-21 19:37:28 [INFO] /me <action ...>
2013-07-21 19:37:28 [INFO] /op <player>
2013-07-21 19:37:28 [INFO] /pardon <name>
2013-07-21 19:37:28 [INFO] /pardon-ip <address>
2013-07-21 19:37:30 [INFO] --- Showing help page 4 of 6 (/help <page>) ---
2013-07-21 19:37:30 [INFO] /playsound <sound> <player> [x] [y] [z] [volume] [pitch] [minimumVolume]
2013-07-21 19:37:30 [INFO] /save-all
2013-07-21 19:37:30 [INFO] /save-off
2013-07-21 19:37:30 [INFO] /save-on
2013-07-21 19:37:30 [INFO] /say <message ...>
2013-07-21 19:37:30 [INFO] /scoreboard <objectives|players|teams>
2013-07-21 19:37:30 [INFO] /seed
2013-07-21 19:37:38 [INFO] [Server] 12 bunkais
2013-07-21 19:38:50 [INFO] <Jemeyr> who goes there?
2013-07-21 19:39:04 [INFO] <Soulack> it is I soylack of house laforge.
2013-07-21 19:39:28 [INFO] <Soulack> I hoped to negotiate reguarding our border.
2013-07-21 19:39:29 [INFO] <Jemeyr> this is the vegetarian version of soulack, of house laforge, first of his name?
2013-07-21 19:40:19 [INFO] <Soulack> He is indeed the first of his name, but a vegetarian not.
2013-07-21 19:40:33 [INFO] <Jemeyr> then we welcome you to our house as a guest
2013-07-21 19:40:36 [INFO] <Jemeyr> have a gift of beef
2013-07-21 19:40:50 [INFO] <Soulack> have you any leather?
2013-07-21 19:41:08 [INFO] <Soulack> we have had a terrible shortage of colourable hats
2013-07-21 19:41:14 [INFO] <Jemeyr> leather we have, but to spare I am not sure
2013-07-21 19:41:23 [INFO] <Jemeyr> though for a hat of your house, arrangements could be made
2013-07-21 19:41:54 [INFO] <Soulack> I have materials with which to barter, though I would have to go and get them.
2013-07-21 19:42:17 [INFO] <Jemeyr> what would you offer to us, in exchange for leather and dyes?
2013-07-21 19:43:05 [INFO] <Soulack> I have plenty of redstone, cactus green dye, or lapas blue.
2013-07-21 19:43:59 [INFO] <Soulack> forgive me for asking, but might I know the ames of the lordi look upon?
2013-07-21 19:44:02 [INFO] <Jemeyr> I must speak with the council of lords
2013-07-21 19:44:09 [INFO] <Soulack> very well
2013-07-21 19:44:12 [INFO] <Jemeyr> I am Jemeyr, of house Beyameyr, the first of his name
2013-07-21 19:44:23 [INFO] <Jemeyr> this is Beyamor, of house Beyameyr, the third of his name
2013-07-21 19:44:44 [INFO] <Soulack> a pleasure to make your aquaintance.
2013-07-21 19:44:48 [INFO] <Jemeyr> and yours
2013-07-21 19:44:59 [INFO] <Soulack> now might we go for a walk and discuss the border?
2013-07-21 19:45:23 [INFO] <Jemeyr> if you wish to negotiate, we shall throw a feast in your honor, and if you wish to trade, then you
2013-07-21 19:45:33 [INFO] <Jemeyr> would need goods to trade, and we time to prepare such a feast
2013-07-21 19:46:10 [INFO] <Soulack> very well, I shall reeturn with my offerings.
2013-07-21 19:46:14 [INFO] <Jemeyr> if you wish to meet us again with lapis and redstone to trade, go now
2013-07-21 19:53:19 [INFO] <Soulack> greatings lord beyamor. you appear injured
2013-07-21 19:53:29 [INFO] <Jemeyr> he is fine
2013-07-21 19:53:39 [INFO] <Jemeyr> he has agreed to entertain you while we set up the festivities
2013-07-21 19:53:56 [INFO] <Jemeyr> walk, or hunt with him for a bit and we shall then feast
2013-07-21 19:54:36 [INFO] <Soulack> I would appriciate a tour if lord beyamor would ablige.
2013-07-21 19:55:16 [INFO] <Beyamor> Uh. So, this is, uh, the floor. Let's admire it for a while.
2013-07-21 19:55:39 [INFO] <Soulack> the color scheme is impecable
2013-07-21 19:55:50 [INFO] <Beyamor> And uh, this is the outside. We got wheat.
2013-07-21 19:56:16 [INFO] <Soulack> your fields would keep an army healthy for many days
2013-07-21 19:56:25 [INFO] <Soulack> and such variety
2013-07-21 19:56:26 [INFO] <Beyamor> And they do.
2013-07-21 19:56:42 [INFO] <Soulack> what is in those towers on the other hills?
2013-07-21 19:58:12 [INFO] <Beyamor> Those are the keeps of Tie Domie of the house of Domi, first of his name.
2013-07-21 19:58:37 [INFO] [Server] Incorrect
2013-07-21 19:58:58 [INFO] <Soulack> my word! Do the gods speak?
2013-07-21 19:59:32 [INFO] --- Showing help page 4 of 6 (/help <page>) ---
2013-07-21 19:59:32 [INFO] /playsound <sound> <player> [x] [y] [z] [volume] [pitch] [minimumVolume]
2013-07-21 19:59:32 [INFO] /save-all
2013-07-21 19:59:32 [INFO] /save-off
2013-07-21 19:59:32 [INFO] /save-on
2013-07-21 19:59:32 [INFO] /say <message ...>
2013-07-21 19:59:32 [INFO] /scoreboard <objectives|players|teams>
2013-07-21 19:59:32 [INFO] /seed
2013-07-21 19:59:40 [INFO] --- Showing help page 2 of 6 (/help <page>) ---
2013-07-21 19:59:40 [INFO] /difficulty <new difficulty>
2013-07-21 19:59:40 [INFO] /effect <player> <effect> [seconds] [amplifier]
2013-07-21 19:59:40 [INFO] /enchant <player> <enchantment ID> [level]
2013-07-21 19:59:40 [INFO] /gamemode <mode> [player]
2013-07-21 19:59:40 [INFO] /gamerule <rule name> <value> OR /gamerule <rule name>
2013-07-21 19:59:40 [INFO] /give <player> <item> [amount] [data]
2013-07-21 19:59:40 [INFO] /help [page|command name]
2013-07-21 19:59:43 [INFO] --- Showing help page 1 of 6 (/help <page>) ---
2013-07-21 19:59:43 [INFO] /ban <name> [reason ...]
2013-07-21 19:59:43 [INFO] /ban-ip <address|name> [reason ...]
2013-07-21 19:59:43 [INFO] /banlist [ips|players]
2013-07-21 19:59:43 [INFO] /clear <player> [item] [data]
2013-07-21 19:59:43 [INFO] /debug <start|stop>
2013-07-21 19:59:43 [INFO] /defaultgamemode <mode>
2013-07-21 19:59:43 [INFO] /deop <player>
2013-07-21 19:59:46 [INFO] --- Showing help page 6 of 6 (/help <page>) ---
2013-07-21 19:59:46 [INFO] /tp [target player] <destination player> OR /tp [target player] <x> <y> <z>
2013-07-21 19:59:46 [INFO] /weather <clear/rain/thunder> [duration in seconds]
2013-07-21 19:59:46 [INFO] /whitelist <on|off|list|add|remove|reload>
2013-07-21 19:59:46 [INFO] /xp <amount> [player] OR /xp <amount>L [player]
2013-07-21 19:59:59 [INFO] --- Showing help page 5 of 6 (/help <page>) ---
2013-07-21 19:59:59 [INFO] /spawnpoint OR /spawnpoint <player> OR /spawnpoint <player> <x> <y> <z>
2013-07-21 19:59:59 [INFO] /spreadplayers <x> <z> <spreadDistance> <maxRange> <respectTeams true|false> <player ...>
2013-07-21 19:59:59 [INFO] /stop
2013-07-21 19:59:59 [INFO] /tell <player> <private message ...>
2013-07-21 19:59:59 [INFO] /testfor <player>
2013-07-21 19:59:59 [INFO] /time <set|add> <value>
2013-07-21 19:59:59 [INFO] /toggledownfall
2013-07-21 20:00:12 [INFO] --- Showing help page 3 of 6 (/help <page>) ---
2013-07-21 20:00:12 [INFO] /kick <player> [reason ...]
2013-07-21 20:00:12 [INFO] /kill
2013-07-21 20:00:12 [INFO] /list
2013-07-21 20:00:12 [INFO] /me <action ...>
2013-07-21 20:00:12 [INFO] /op <player>
2013-07-21 20:00:12 [INFO] /pardon <name>
2013-07-21 20:00:12 [INFO] /pardon-ip <address>
2013-07-21 20:00:24 [INFO] --- Showing help page 2 of 6 (/help <page>) ---
2013-07-21 20:00:24 [INFO] /difficulty <new difficulty>
2013-07-21 20:00:24 [INFO] /effect <player> <effect> [seconds] [amplifier]
2013-07-21 20:00:24 [INFO] /enchant <player> <enchantment ID> [level]
2013-07-21 20:00:24 [INFO] /gamemode <mode> [player]
2013-07-21 20:00:24 [INFO] /gamerule <rule name> <value> OR /gamerule <rule name>
2013-07-21 20:00:24 [INFO] /give <player> <item> [amount] [data]
2013-07-21 20:00:24 [INFO] /help [page|command name]
2013-07-21 20:00:31 [INFO] Given 1 experience to Beyamor
2013-07-21 20:00:36 [INFO] Given 10 experience to Soulack
2013-07-21 20:01:59 [INFO] <Jemeyr> ahh, the sun sets and it is time for feasting
2013-07-21 20:02:05 [INFO] <Soulack> aye
2013-07-21 20:02:06 [INFO] <Jemeyr> stand around the table
2013-07-21 20:02:34 [INFO] <Soulack> such remarkable food!
2013-07-21 20:02:56 [INFO] <Jemeyr> let the feast begin!
2013-07-21 20:03:55 [INFO] <Jemeyr> ahhh, I'm stuffed
2013-07-21 20:03:55 [INFO] <Soulack> a great feast indeed.
2013-07-21 20:04:23 [INFO] <Soulack> your kingdom's beef is amazing
2013-07-21 20:04:26 [INFO] <Jemeyr> now, shall we begin with the borders of our realms or a trade of stuffs
2013-07-21 20:04:33 [INFO] <Jemeyr> our cows are from the north
2013-07-21 20:04:36 [INFO] <Jemeyr> they are strong and hardy
2013-07-21 20:06:25 [INFO] <Soulack> now about the borders...
2013-07-21 20:06:30 [INFO] <Jemeyr> yes?
2013-07-21 20:06:55 [INFO] <Soulack> how are your boundaries marked?
2013-07-21 20:07:08 [INFO] <Jemeyr> by the features of the land
2013-07-21 20:07:20 [INFO] <Jemeyr> we govern the mountains and the valley between them
2013-07-21 20:07:35 [INFO] <Jemeyr> areas in the shadow of the mountains too, though no clear line exists
2013-07-21 20:08:05 [INFO] <Soulack> ah. then I do not beleive we have a problem.
2013-07-21 20:08:27 [INFO] <Jemeyr> that is good then. Where sits your kingdom?
2013-07-21 20:10:28 [INFO] <Soulack> south of here, at the desert boundary and including a vast area within it.
2013-07-21 20:10:43 [INFO] <Soulack> we are building a marvelous structure there.
2013-07-21 20:10:47 [INFO] <Jemeyr> do you govern all of the desert?
2013-07-21 20:11:44 [INFO] <Soulack> the desert is vast, we control the desert between the rivers. what lies beyond is the proberty
2013-07-21 20:11:48 [INFO] <Soulack> of the wilds
2013-07-21 20:12:22 [INFO] <Jemeyr> no matter then, we have no interest in deserts, as we are people of the mountains and valleys
2013-07-21 20:15:20 [INFO] <Jemeyr> now, what do you wish to speak of about trading?
2013-07-21 20:19:17 [INFO] <Soulack> I am interesten in aquiring leather for my clothing. notably a hat.
2013-07-21 20:19:36 [INFO] <Soulack> I do not yet have any good way to wear our ouse colors
2013-07-21 20:19:46 [INFO] <Soulack> *house
2013-07-21 20:20:39 [INFO] <Jemeyr> ahh yes, we could provide a hat of many colors
2013-07-21 20:20:40 [INFO] <Soulack> apologies my lord.
2013-07-21 20:21:04 [INFO] <Soulack> any hat will do, I have brought the necessary dye with me.
2013-07-21 20:21:22 [INFO] <Jemeyr> what do you offer for a hat of leather?
2013-07-21 20:21:58 [INFO] <Soulack> lapiz, green dye, yellow die, redstone, whatever you name as your price.
2013-07-21 20:22:46 [INFO] <Jemeyr> perhaps 16 of each, lapis and redstone
2013-07-21 20:22:53 [INFO] <Jemeyr> what say you to that?
2013-07-21 20:23:09 [INFO] <Soulack> a hat requires only 5 leather does it not?
2013-07-21 20:23:23 [INFO] <Jemeyr> yes it does
2013-07-21 20:24:54 [INFO] <Soulack> I would offer 5 lapis and 16 redstone, given the rarity of lapis
2013-07-21 20:25:02 [WARNING] Can't keep up! Did the system time change, or is the server overloaded?
2013-07-21 20:25:42 [INFO] <Jemeyr> for 6 lapis and 16 redstone we will provide a hat of yellow
2013-07-21 20:25:52 [INFO] <Jemeyr> made by our finest leather artist
2013-07-21 20:31:00 [INFO] <Soulack> an acceptaable offer.
2013-07-21 20:31:17 [INFO] <Jemeyr> then it is done
2013-07-21 20:32:07 [INFO] <Soulack> it is a fine hat indeed.
2013-07-21 20:32:17 [INFO] <Jemeyr> it fits your head like a glove
2013-07-21 20:32:54 [INFO] <Soulack> if you will excuse me, I must retire to the library for short respite.
2013-07-21 20:33:10 [INFO] <Jemeyr> do enjoy our books, we keep a collection of many
2013-07-21 20:55:28 [WARNING] Can't keep up! Did the system time change, or is the server overloaded?
2013-07-21 20:56:50 [WARNING] Can't keep up! Did the system time change, or is the server overloaded?
2013-07-21 21:10:54 [WARNING] Can't keep up! Did the system time change, or is the server overloaded?
2013-07-21 21:11:23 [WARNING] Can't keep up! Did the system time change, or is the server overloaded?
2013-07-21 21:18:33 [INFO] Beyamor lost connection: disconnect.quitting
2013-07-21 21:18:33 [INFO] Beyamor left the game
2013-07-21 21:29:23 [INFO] <Jemeyr> your house color should be green mp
2013-07-21 21:30:02 [INFO] <Jemeyr> anyway I'm out
2013-07-21 21:30:06 [INFO] <Jemeyr> still thing someone should be green
2013-07-21 21:30:09 [INFO] Jemeyr lost connection: disconnect.quitting
2013-07-21 21:30:09 [INFO] Jemeyr left the game
2013-07-21 21:44:12 [WARNING] Can't keep up! Did the system time change, or is the server overloaded?
2013-07-21 21:44:54 [WARNING] Can't keep up! Did the system time change, or is the server overloaded?
2013-07-21 21:44:59 [WARNING] Can't keep up! Did the system time change, or is the server overloaded?
2013-07-21 21:45:21 [WARNING] Can't keep up! Did the system time change, or is the server overloaded?
2013-07-21 22:03:41 [INFO] --- Showing help page 1 of 6 (/help <page>) ---
2013-07-21 22:03:41 [INFO] /ban <name> [reason ...]
2013-07-21 22:03:41 [INFO] /ban-ip <address|name> [reason ...]
2013-07-21 22:03:41 [INFO] /banlist [ips|players]
2013-07-21 22:03:41 [INFO] /clear <player> [item] [data]
2013-07-21 22:03:41 [INFO] /debug <start|stop>
2013-07-21 22:03:41 [INFO] /defaultgamemode <mode>
2013-07-21 22:03:41 [INFO] /deop <player>
2013-07-21 22:03:44 [INFO] There are 1/20 players online:
2013-07-21 22:03:44 [INFO] Soulack
2013-07-21 22:04:12 [INFO] [Server] Server shutdown commencing in 10 seconds.
2013-07-21 22:04:14 [INFO] [Server] 9
2013-07-21 22:04:15 [INFO] [Server] 8
2013-07-21 22:04:17 [INFO] [Server] 7
2013-07-21 22:04:18 [INFO] [Server] 6
2013-07-21 22:04:20 [INFO] [Server] 5
2013-07-21 22:04:21 [INFO] Unknown command. Try /help for a list of commands
2013-07-21 22:04:23 [INFO] [Server] 3
2013-07-21 22:04:24 [INFO] [Server] 2
2013-07-21 22:04:28 [INFO] [Server] 1
2013-07-21 22:04:31 [INFO] Saving...
2013-07-21 22:04:31 [INFO] Saved the world
2013-07-21 22:04:35 [INFO] Stopping server
2013-07-21 22:04:35 [INFO] Saving players
2013-07-21 22:04:35 [INFO] Soulack left the game
2013-07-21 22:04:35 [INFO] Closing listening thread
2013-07-21 22:04:35 [INFO] Saving worlds
2013-07-21 22:04:35 [INFO] Saving chunks for level 'world'/Overworld
2013-07-21 22:04:35 [SEVERE] Reached end of stream for /184.66.41.40
2013-07-21 22:04:35 [INFO] Saving chunks for level 'world'/Nether
2013-07-21 22:04:35 [INFO] Saving chunks for level 'world'/The End
2013-07-21 22:04:36 [INFO] Stopping server
2013-07-21 22:04:36 [INFO] Saving players
2013-07-21 22:04:36 [INFO] Saving worlds
2013-07-21 22:04:36 [INFO] Saving chunks for level 'world'/Overworld
2013-07-21 22:04:36 [INFO] Saving chunks for level 'world'/Nether
2013-07-21 22:04:36 [INFO] Saving chunks for level 'world'/The End
2013-07-24 20:27:46 [INFO] Starting minecraft server version 1.6.2
2013-07-24 20:27:46 [INFO] Loading properties
2013-07-24 20:27:46 [INFO] Default game type: SURVIVAL
2013-07-24 20:27:46 [INFO] Generating keypair
2013-07-24 20:27:47 [INFO] Starting Minecraft server on *:25565
2013-07-24 20:27:47 [INFO] Preparing level "world"
2013-07-24 20:27:48 [INFO] Preparing start region for level 0
2013-07-24 20:27:49 [INFO] Preparing spawn area: 17%
2013-07-24 20:27:50 [INFO] Preparing spawn area: 47%
2013-07-24 20:27:51 [INFO] Preparing spawn area: 71%
2013-07-24 20:27:52 [INFO] Preparing spawn area: 85%
2013-07-24 20:27:53 [INFO] Done (5.525s)! For help, type "help" or "?"
2013-07-24 20:51:07 [INFO] There are 0/20 players online:
2013-07-24 20:51:07 [INFO] 
2013-07-24 22:35:02 [INFO] There are 0/20 players online:
2013-07-24 22:35:02 [INFO] 
2013-07-24 23:34:56 [INFO] Stopping server
2013-07-24 23:34:56 [INFO] Saving players
2013-07-24 23:34:56 [INFO] Saving worlds
2013-07-24 23:34:56 [INFO] Saving chunks for level 'world'/Overworld
2013-07-24 23:34:56 [INFO] Closing listening thread
2013-07-24 23:34:56 [INFO] Saving chunks for level 'world'/Nether
2013-07-24 23:34:56 [INFO] Saving chunks for level 'world'/The End
2013-07-24 23:34:57 [INFO] Stopping server
